{
  "ok": true,
  "slug": "huaneng_revenue_profit",
  "runId": "l1_six_huaneng_revenue_profit_20260718T165251Z_f9f42e",
  "recordUid": "沈礼_20260719_l1_huaneng_segment_profit_06",
  "jobId": "l1-huaneng-segment-profit-20260719-06",
  "finalQuestion": "我正在做华能国际2026年一季度板块利润与经营驱动复核，这份结果供电力经营复盘时筛选需要进一步补取的板块经营数据。请根据《华能国际电力股份有限公司2026年第一季度报告.pdf》，把发电量、上网电价、燃料成本和境内各电力板块利润放在同一个证据框架里，核对本期与上年同期数据并复算同比变动，同时复核相关分项、比率、占比以及披露口径。\n\n你需要结合报告里披露的变动原因，判断哪些利润方向是有报告明确支持的，并给出明确结论。在这个过程中务必区分清楚可证事实、合理推断和待确认项，不要把相关线索直接写成完整的因果归因。\n\n请基于前述核对结果整理一个可下载、能在本地打开的2026年第一季度HTML分析页（html格式），页面里要呈现总量指标、原因证据、板块利润对比、证据边界、筛选说明和待补数据，里面的每一项数据都要标注PDF来源页码和未经审计状态，并且保留派生计算的过程。",
  "attachmentSha256": "2d403df5eaf375d7866867f3abae6119ea8fa381064de9d5e5cfb4b67dcbc135",
  "firstQa": {
    "pass": true,
    "issues": []
  },
  "secondQa": "需语言小修",
  "deAiPass": true,
  "roleConsistency": "PASS",
  "productionTrace": "PASS",
  "release": "PASS",
  "jobPath": "C:\\Users\\Carbene\\Documents\\GitHub\\AI-Question-Generate\\outputs\\auto_runs\\l1_six_huaneng_revenue_profit_20260718T165251Z_f9f42e\\doubao\\job.json",
  "feishuWriteApplied": false
}
