{
  "ok": true,
  "slug": "byd_q1_quality",
  "runId": "l1_six_byd_q1_quality_20260718T165247Z_56f0c1",
  "recordUid": "沈礼_20260719_l1_byd_q1_quality_01",
  "jobId": "l1-byd-q1-quality-20260719-01",
  "finalQuestion": "我们需要梳理《比亚迪股份有限公司2026年第一季度报告.pdf》中关于2026年一季度经营质量的情况。重点关注经营现金流、归母净利润以及营业收入这几个核心财务指标的同比变动情况，并结合这些数据重新测算现金利润的覆盖关系。另外，应付票据、开发支出、短期借款还有现金流的具体变动明细也需要一并梳理。\n\n在整理过程中，必须严格区分哪些是报告里直接写明的原因，哪些是通过披露数据算出来的变化，还有哪些是目前无法确定、必须等业务分部资料补充后才能判断的。各项数据都要附带来源页码、计算公式、统计口径，并注明未经审计状态。要是复算的结果跟报告披露的数值对不上，记得明确标注差异，顺便列出后续为了查明原因还需要哪些关于区域、价格、销量或者业务分部的补充材料。千万别主观地将经营现金流下降跟融资变化硬扯上因果关系。\n\n请基于前述核对结果整理一份可下载的Excel核对表（xlsx格式）。",
  "attachmentSha256": "8e07bf9481c450daa0184c8bab218eb5b29f5587fc406116a911903852c0c907",
  "firstQa": {
    "pass": true,
    "issues": []
  },
  "secondQa": "需语言小修",
  "deAiPass": true,
  "roleConsistency": "PASS",
  "productionTrace": "PASS",
  "release": "PASS",
  "jobPath": "C:\\Users\\Carbene\\Documents\\GitHub\\AI-Question-Generate\\outputs\\auto_runs\\l1_six_byd_q1_quality_20260718T165247Z_56f0c1\\doubao\\job.json",
  "feishuWriteApplied": false
}
