{
  "ok": true,
  "slug": "inspur_profit_cash",
  "runId": "l1_six_inspur_profit_cash_20260718T165250Z_4b756e",
  "recordUid": "沈礼_20260719_l1_inspur_profit_cash_05",
  "jobId": "l1-inspur-profit-cash-20260719-05",
  "finalQuestion": "我正在做浪潮信息2026年一季度利润现金与营运节奏复核，这份结果供经营分析同事继续取得回款和项目明细后补充判断。\n\n请基于《浪潮电子信息产业股份有限公司2026年第一季度报告.pdf》中的内容，帮我复算一下今年一季度和去年同期的数据以及同比变动情况。这次重点要复核为什么一季度会出现收入下降、利润却在增长，但经营现金流转负的现象。请仔细核对各项收入、利润、经营现金流的具体分项，包括相关的比率、占比以及具体的计算口径。同时确认一下报告里有没有能体现回款、预收和融资节奏的线索。\n\n这里需要严格区分哪些是报告原文、哪些是派生计算或合理推断，还有哪些是待确认事项。请给出明确的结论，特别注意不要把应收账款、合同负债以及短期借款的同步变化直接当成完整的因果关系来归因。\n\n最后请帮我整理一份浪潮信息2026年一季度利润现金与营运节奏的Excel下载文件。表格里除了要对照收入、利润和现金情况，记录计算口径、未经审计状态、来源页码和证据边界外，还要把应收账款与合同负债的线索以及融资变化情况都梳理进去。另外，请在表格中预留出客户、项目、账龄等需要后续补充的明细位置，方便经营分析同事拿到回款和项目明细后继续做判断。\n\n请基于上述核对结果给出明确结论，并整理一份可下载的Excel营运节奏核对表，按xlsx格式交付。",
  "attachmentSha256": "1d9075ccddc8da08907e3486f9aaddfb81cb19ea5881a50e096cac6c3ad5fcd6",
  "firstQa": {
    "pass": true,
    "issues": []
  },
  "secondQa": "需语言小修",
  "deAiPass": true,
  "roleConsistency": "PASS",
  "productionTrace": "PASS",
  "release": "PASS",
  "jobPath": "C:\\Users\\Carbene\\Documents\\GitHub\\AI-Question-Generate\\outputs\\auto_runs\\l1_six_inspur_profit_cash_20260718T165250Z_4b756e\\doubao\\job.json",
  "feishuWriteApplied": false
}
