{
  "browserContextId": "1084C633D11647B8992D48E50C635F55",
  "handled": 3,
  "workers": [
    {
      "handled": 1,
      "jobs": [
        {
          "jobId": "l1-huaneng-segment-profit-20260719-06",
          "resultPath": "C:\\Users\\Carbene\\Documents\\GitHub\\AI-Question-Generate\\outputs\\interaction_queues\\l1_six_20260719\\results\\l1-huaneng-segment-profit-20260719-06.json",
          "status": "complete"
        }
      ],
      "targetId": "EA29CEDF91A95DC7FAA5494ACA9CC873",
      "workerId": "slot-1-EA29CEDF91A95DC7FAA5494ACA9CC873"
    },
    {
      "handled": 1,
      "jobs": [
        {
          "error": {
            "code": "",
            "message": "Share selection panel did not become uniquely available."
          },
          "jobId": "l1-inspur-profit-cash-20260719-05",
          "resultPath": "C:\\Users\\Carbene\\Documents\\GitHub\\AI-Question-Generate\\outputs\\interaction_queues\\l1_six_20260719\\results\\l1-inspur-profit-cash-20260719-05.json",
          "status": "failed"
        }
      ],
      "targetId": "2312292BC690B375D99E7174326C30CA",
      "workerId": "slot-2-2312292BC690B375D99E7174326C30CA"
    },
    {
      "handled": 1,
      "jobs": [
        {
          "jobId": "l1-shenhua-capex-funding-20260719-02",
          "resultPath": "C:\\Users\\Carbene\\Documents\\GitHub\\AI-Question-Generate\\outputs\\interaction_queues\\l1_six_20260719\\results\\l1-shenhua-capex-funding-20260719-02.json",
          "status": "complete"
        }
      ],
      "targetId": "FE2F471C9D5CA08F7202543D8F82C28E",
      "workerId": "slot-3-FE2F471C9D5CA08F7202543D8F82C28E"
    }
  ]
}
