{
  "ok": true,
  "slug": "shenhua_capex_funding",
  "runId": "l1_six_shenhua_capex_funding_20260718T165248Z_e74a5d",
  "recordUid": "沈礼_20260719_l1_shenhua_capex_funding_02",
  "jobId": "l1-shenhua-capex-funding-20260719-02",
  "finalQuestion": "为了方便同事后续跟踪项目预算和融资披露，我需要复核重大资产交易纳入新资产后的资本开支变化情况。请根据《中国神华能源股份有限公司2026年第一季度报告.pdf》，帮我确认这次新资产纳入后，2026年的资本开支增量主要集中在哪些具体的业务板块上，并评估一下仅凭这份报告最多能支持得出什么样的资金承接结论。\n\n请将结果整理成一份调整后资本开支的Excel表格供下载。表格里需要列出各业务调整前后的资本开支数额，算出具体的增量和所占比例。同时要把经营目标的变化情况、第一季度的经营现金流数据作为参照放进去，还要列明目前已经披露出来的资金来源渠道，并留出一个待补分配栏。\n\n整理时请务必保留报告页码、未经审计状态以及派生的计算过程。另外要注意严格区分报告里明确的事实、合理推断和待确认的事项，不要把未披露的资金分配或业务归因直接写成确定的结论。",
  "attachmentSha256": "eafdac378c6aece9511c0e3c501ed99312a47addd138a5562d9710e66caf5959",
  "firstQa": {
    "pass": true,
    "issues": []
  },
  "secondQa": "需语言小修",
  "deAiPass": true,
  "roleConsistency": "PASS",
  "productionTrace": "PASS",
  "release": "PASS",
  "jobPath": "C:\\Users\\Carbene\\Documents\\GitHub\\AI-Question-Generate\\outputs\\auto_runs\\l1_six_shenhua_capex_funding_20260718T165248Z_e74a5d\\doubao\\job.json",
  "feishuWriteApplied": false
}
